2023-09-05 19:27:50
  {'Chord_Diagram': True,
   'Distribution_INC1': False,
   'Distribution_INC2_different_cluster': False,
   'Distribution_INC2_different_period': False,
   'Heatmap': True,
   'HeatmapTitle': 'Z Score Means across Different Neighborhood Types',
   'HorizonalBarChart': True,
   'Horizontal_Bar_Title': 'Z Score Means in Different Neighborhood Types ',
   'Index_of_neighborhood_change': True,
   'Parallel_Categories_Diagram': True,
   'Qualitative_Maps': True,
   'Sequence': {'dist_type': 'tran', 'seq_clusters': 5},
   'Stacked_Chart': True,
   'SubjectName': 'NEIGHBORHOOD',
   'filename_suffix': 'Harris_1970-2019',
   'inputCSV': 'attributes/LTDB_1970~2019_Houston_26420.csv',
   'method': 'kmeans',
   'nClusters': 6,
   'shapefile': 'shp/Harris_county.shp',
   'title': 'Longitudinal Neighborhood Change at Census Tracel Level, Harris '
            'County Houston, TX',
   'variables': ['Median home value',
                 '% in poverty, total',
                 '% unemployed',
                 '% with 4-year college degree or more',
                 '% manufacturing employees',
                 '% structures more than 30 years old',
                 '% HH in neighborhood 10 years or less',
                 '% owner-occupied units',
                 '% multi-family units',
                 '% vacant units',
                 '% 60 and older, total',
                 '% 17 and under, total',
                 '% white, non-Hispanic',
                 '% black, non-Hispanic',
                 '% Hispanic',
                 '% Asian and Pacific Islander race',
                 '% foreign born'],
   'years': [1970, 1980, 1990, 2000, 2010, 2019]}