2024-04-14 02:17:15
  {'Heatmap': True,
   'HeatmapTitle': 'Z Score Means across Different Neighborhood Types',
   'Index_of_neighborhood_change': True,
   'Parallel_Categories_Diagram': True,
   'Sequence': {'dist_type': 'tran', 'seq_clusters': 5},
   'Stacked_Chart': True,
   'SubjectName': 'NEIGHBORHOOD',
   'filename_suffix': 'LTDB_1970~2019_Austin_12420',
   'inputCSV': 'attributes/LTDB_1970~2019_Austin_12420.csv',
   'method': 'kmeans',
   'nClusters': 6,
   'shapefile': 'shp/Austin.shp',
   'title': 'Longitudinal Neighborhood Change, Austin (tract level)',
   'variables': ['Median home value',
                 '% in poverty, total',
                 '% unemployed',
                 '% with 4-year college degree or more',
                 '% manufacturing employees',
                 '% structures more than 30 years old',
                 '% HH in neighborhood 10 years or less',
                 '% owner-occupied units',
                 '% multi-family units',
                 '% vacant units',
                 '% 60 and older, total',
                 '% 17 and under, total',
                 '% white, non-Hispanic',
                 '% black, non-Hispanic',
                 '% Hispanic',
                 '% Asian and Pacific Islander race',
                 '% foreign born'],
   'years': [1990, 2000, 2010, 2019]}